#! /c/Source/iverilog-install/bin/vvp
:ivl_version "12.0 (devel)" "(s20150603-1539-g2693dd32b)";
:ivl_delay_selection "TYPICAL";
:vpi_time_precision + 0;
:vpi_module "D:\FPGA\iverilog\lib\ivl\system.vpi";
:vpi_module "D:\FPGA\iverilog\lib\ivl\vhdl_sys.vpi";
:vpi_module "D:\FPGA\iverilog\lib\ivl\vhdl_textio.vpi";
:vpi_module "D:\FPGA\iverilog\lib\ivl\v2005_math.vpi";
:vpi_module "D:\FPGA\iverilog\lib\ivl\va_math.vpi";
S_000002916784bc20 .scope module, "code" "code" 2 1;
 .timescale 0 0;
    .port_info 0 /INPUT 1 "clk";
    .port_info 1 /INPUT 1 "rst_n";
    .port_info 2 /INPUT 2 "in";
    .port_info 3 /OUTPUT 2 "out";
    .port_info 4 /OUTPUT 1 "out_vld";
P_000002916784bdb0 .param/l "S0" 0 2 12, C4<0001>;
P_000002916784bde8 .param/l "S1" 0 2 13, C4<0010>;
P_000002916784be20 .param/l "S2" 0 2 14, C4<0100>;
P_000002916784be58 .param/l "S3" 0 2 15, C4<1000>;
o00000291678e0f98 .functor BUFZ 1, C4<z>; HiZ drive
v000002916784bea0_0 .net "clk", 0 0, o00000291678e0f98;  0 drivers
o00000291678e0fc8 .functor BUFZ 2, C4<zz>; HiZ drive
v000002916784bf40_0 .net "in", 1 0, o00000291678e0fc8;  0 drivers
v00000291678d4db0_0 .var "out", 1 0;
v00000291678d4e50_0 .var "out_vld", 0 0;
o00000291678e1058 .functor BUFZ 1, C4<z>; HiZ drive
v00000291678d4ef0_0 .net "rst_n", 0 0, o00000291678e1058;  0 drivers
v00000291678d4f90_0 .var "state", 3 0;
E_0000029167849670/0 .event negedge, v00000291678d4ef0_0;
E_0000029167849670/1 .event posedge, v000002916784bea0_0;
E_0000029167849670 .event/or E_0000029167849670/0, E_0000029167849670/1;
    .scope S_000002916784bc20;
T_0 ;
    %wait E_0000029167849670;
    %load/vec4 v00000291678d4ef0_0;
    %nor/r;
    %flag_set/vec4 8;
    %jmp/0xz  T_0.0, 8;
    %pushi/vec4 1, 0, 4;
    %assign/vec4 v00000291678d4f90_0, 0;
    %pushi/vec4 0, 0, 2;
    %assign/vec4 v00000291678d4db0_0, 0;
    %pushi/vec4 0, 0, 1;
    %assign/vec4 v00000291678d4e50_0, 0;
    %jmp T_0.1;
T_0.0 ;
    %load/vec4 v00000291678d4f90_0;
    %dup/vec4;
    %pushi/vec4 1, 0, 4;
    %cmp/u;
    %jmp/1 T_0.2, 6;
    %dup/vec4;
    %pushi/vec4 2, 0, 4;
    %cmp/u;
    %jmp/1 T_0.3, 6;
    %dup/vec4;
    %pushi/vec4 4, 0, 4;
    %cmp/u;
    %jmp/1 T_0.4, 6;
    %dup/vec4;
    %pushi/vec4 8, 0, 4;
    %cmp/u;
    %jmp/1 T_0.5, 6;
    %pushi/vec4 1, 0, 4;
    %assign/vec4 v00000291678d4f90_0, 0;
    %jmp T_0.7;
T_0.2 ;
    %load/vec4 v000002916784bf40_0;
    %pad/u 32;
    %cmpi/e 1, 0, 32;
    %jmp/0xz  T_0.8, 4;
    %pushi/vec4 2, 0, 4;
    %assign/vec4 v00000291678d4f90_0, 0;
    %pushi/vec4 0, 0, 2;
    %assign/vec4 v00000291678d4db0_0, 0;
    %pushi/vec4 0, 0, 1;
    %assign/vec4 v00000291678d4e50_0, 0;
    %jmp T_0.9;
T_0.8 ;
    %load/vec4 v000002916784bf40_0;
    %pad/u 32;
    %cmpi/e 2, 0, 32;
    %jmp/0xz  T_0.10, 4;
    %pushi/vec4 4, 0, 4;
    %assign/vec4 v00000291678d4f90_0, 0;
    %pushi/vec4 0, 0, 2;
    %assign/vec4 v00000291678d4db0_0, 0;
    %pushi/vec4 0, 0, 1;
    %assign/vec4 v00000291678d4e50_0, 0;
    %jmp T_0.11;
T_0.10 ;
    %load/vec4 v00000291678d4f90_0;
    %assign/vec4 v00000291678d4f90_0, 0;
    %pushi/vec4 0, 0, 2;
    %assign/vec4 v00000291678d4db0_0, 0;
    %pushi/vec4 0, 0, 1;
    %assign/vec4 v00000291678d4e50_0, 0;
T_0.11 ;
T_0.9 ;
    %jmp T_0.7;
T_0.3 ;
    %load/vec4 v000002916784bf40_0;
    %pad/u 32;
    %cmpi/e 1, 0, 32;
    %jmp/0xz  T_0.12, 4;
    %pushi/vec4 4, 0, 4;
    %assign/vec4 v00000291678d4f90_0, 0;
    %pushi/vec4 0, 0, 2;
    %assign/vec4 v00000291678d4db0_0, 0;
    %pushi/vec4 0, 0, 1;
    %assign/vec4 v00000291678d4e50_0, 0;
    %jmp T_0.13;
T_0.12 ;
    %load/vec4 v000002916784bf40_0;
    %pad/u 32;
    %cmpi/e 2, 0, 32;
    %jmp/0xz  T_0.14, 4;
    %pushi/vec4 8, 0, 4;
    %assign/vec4 v00000291678d4f90_0, 0;
    %pushi/vec4 0, 0, 2;
    %assign/vec4 v00000291678d4db0_0, 0;
    %pushi/vec4 0, 0, 1;
    %assign/vec4 v00000291678d4e50_0, 0;
    %jmp T_0.15;
T_0.14 ;
    %load/vec4 v00000291678d4f90_0;
    %assign/vec4 v00000291678d4f90_0, 0;
    %pushi/vec4 0, 0, 2;
    %assign/vec4 v00000291678d4db0_0, 0;
    %pushi/vec4 0, 0, 1;
    %assign/vec4 v00000291678d4e50_0, 0;
T_0.15 ;
T_0.13 ;
    %jmp T_0.7;
T_0.4 ;
    %load/vec4 v000002916784bf40_0;
    %pad/u 32;
    %cmpi/e 1, 0, 32;
    %jmp/0xz  T_0.16, 4;
    %pushi/vec4 8, 0, 4;
    %assign/vec4 v00000291678d4f90_0, 0;
    %pushi/vec4 0, 0, 2;
    %assign/vec4 v00000291678d4db0_0, 0;
    %pushi/vec4 0, 0, 1;
    %assign/vec4 v00000291678d4e50_0, 0;
    %jmp T_0.17;
T_0.16 ;
    %load/vec4 v000002916784bf40_0;
    %pad/u 32;
    %cmpi/e 2, 0, 32;
    %jmp/0xz  T_0.18, 4;
    %pushi/vec4 1, 0, 4;
    %assign/vec4 v00000291678d4f90_0, 0;
    %pushi/vec4 0, 0, 2;
    %assign/vec4 v00000291678d4db0_0, 0;
    %pushi/vec4 1, 0, 1;
    %assign/vec4 v00000291678d4e50_0, 0;
    %jmp T_0.19;
T_0.18 ;
    %load/vec4 v00000291678d4f90_0;
    %assign/vec4 v00000291678d4f90_0, 0;
    %pushi/vec4 0, 0, 2;
    %assign/vec4 v00000291678d4db0_0, 0;
    %pushi/vec4 0, 0, 1;
    %assign/vec4 v00000291678d4e50_0, 0;
T_0.19 ;
T_0.17 ;
    %jmp T_0.7;
T_0.5 ;
    %load/vec4 v000002916784bf40_0;
    %pad/u 32;
    %cmpi/e 1, 0, 32;
    %jmp/0xz  T_0.20, 4;
    %pushi/vec4 1, 0, 4;
    %assign/vec4 v00000291678d4f90_0, 0;
    %pushi/vec4 0, 0, 2;
    %assign/vec4 v00000291678d4db0_0, 0;
    %pushi/vec4 1, 0, 1;
    %assign/vec4 v00000291678d4e50_0, 0;
    %jmp T_0.21;
T_0.20 ;
    %load/vec4 v000002916784bf40_0;
    %pad/u 32;
    %cmpi/e 2, 0, 32;
    %jmp/0xz  T_0.22, 4;
    %pushi/vec4 1, 0, 4;
    %assign/vec4 v00000291678d4f90_0, 0;
    %pushi/vec4 1, 0, 2;
    %assign/vec4 v00000291678d4db0_0, 0;
    %pushi/vec4 1, 0, 1;
    %assign/vec4 v00000291678d4e50_0, 0;
    %jmp T_0.23;
T_0.22 ;
    %load/vec4 v00000291678d4f90_0;
    %assign/vec4 v00000291678d4f90_0, 0;
    %pushi/vec4 0, 0, 2;
    %assign/vec4 v00000291678d4db0_0, 0;
    %pushi/vec4 0, 0, 1;
    %assign/vec4 v00000291678d4e50_0, 0;
T_0.23 ;
T_0.21 ;
    %jmp T_0.7;
T_0.7 ;
    %pop/vec4 1;
T_0.1 ;
    %jmp T_0;
    .thread T_0;
# The file index is used to find the file name in the following table.
:file_names 3;
    "N/A";
    "<interactive>";
    "./src/code.v";
